SF:lib/widgets/fabs/my_location_fab.dart
DA:5,0
DA:10,0
DA:16,0
DA:17,0
DA:23,0
DA:24,0
DA:25,0
DA:27,0
DA:28,0
DA:29,0
DA:33,0
DA:35,0
DA:36,0
DA:38,0
DA:39,0
DA:40,0
DA:41,0
DA:42,0
DA:45,0
DA:46,0
DA:51,1
DA:55,1
DA:60,1
DA:61,1
DA:68,1
DA:70,1
DA:71,2
DA:76,3
DA:77,2
DA:78,1
DA:79,0
DA:80,1
DA:81,0
DA:86,1
DA:89,2
DA:90,1
DA:93,1
DA:95,2
DA:96,2
DA:98,1
DA:100,3
DA:101,1
DA:103,2
DA:104,1
DA:105,1
DA:106,1
DA:107,1
DA:109,2
DA:112,1
DA:114,1
DA:115,2
DA:118,0
LF:52
LH:29
end_of_record
SF:lib/utils/icon_switcher.dart
DA:6,2
DA:12,2
DA:19,2
DA:21,2
DA:23,4
DA:24,2
DA:25,2
DA:32,6
LF:8
LH:8
end_of_record
SF:lib/pages/setup_profile_page.dart
DA:8,1
DA:10,1
DA:12,1
DA:13,1
DA:19,1
DA:21,1
DA:22,1
DA:23,2
DA:26,1
DA:28,0
DA:29,0
DA:33,1
DA:35,3
DA:38,1
DA:39,1
DA:40,1
DA:41,1
DA:43,0
DA:44,0
DA:45,0
DA:46,0
DA:47,0
DA:48,0
DA:49,0
DA:50,0
DA:51,0
DA:52,0
DA:60,1
DA:61,1
DA:62,1
DA:63,1
DA:64,1
DA:65,1
DA:66,1
DA:68,3
DA:70,1
DA:73,1
DA:74,1
DA:76,0
DA:77,0
DA:82,1
DA:83,1
LF:42
LH:28
end_of_record
SF:lib/services/authentication.dart
DA:8,5
DA:27,0
DA:28,0
DA:29,2
DA:30,0
DA:32,2
DA:37,2
DA:38,2
DA:39,2
DA:40,2
DA:43,1
DA:44,3
DA:45,0
DA:47,1
DA:48,1
DA:49,1
DA:50,1
DA:51,0
DA:56,1
DA:58,1
DA:59,1
DA:61,2
DA:62,1
DA:63,2
DA:65,2
DA:66,0
DA:67,0
DA:70,2
DA:71,2
DA:72,2
DA:74,2
DA:75,1
DA:81,0
DA:83,1
DA:84,1
DA:85,2
DA:86,1
DA:91,1
DA:92,2
DA:94,0
DA:95,0
DA:102,1
DA:103,2
DA:104,1
DA:106,1
DA:107,2
DA:111,2
DA:113,1
DA:114,1
DA:115,1
DA:117,3
DA:118,4
DA:120,0
DA:124,1
DA:126,6
DA:127,1
DA:128,2
DA:129,1
DA:131,1
DA:135,0
DA:136,0
DA:137,0
DA:140,0
DA:141,0
DA:142,0
LF:65
LH:48
end_of_record
SF:lib/models/location_card.dart
DA:9,2
DA:16,4
DA:17,4
DA:18,2
DA:19,2
DA:20,2
DA:21,2
DA:22,8
DA:23,2
DA:25,2
DA:27,2
DA:31,1
DA:32,2
DA:33,2
DA:34,2
DA:35,1
DA:36,2
DA:37,2
DA:38,4
DA:39,3
DA:40,4
DA:41,3
DA:44,4
DA:45,2
DA:46,1
DA:49,2
DA:50,6
DA:51,6
DA:52,8
DA:54,2
DA:57,2
DA:58,4
DA:61,2
DA:65,2
DA:66,0
DA:68,4
DA:69,2
DA:70,2
DA:71,2
DA:72,2
DA:73,2
LF:41
LH:40
end_of_record
SF:lib/pages/create_review_page.dart
DA:13,1
DA:14,1
DA:15,1
DA:18,1
DA:19,1
DA:30,1
DA:31,3
DA:32,0
DA:34,2
DA:37,1
DA:39,1
DA:40,3
DA:41,2
DA:42,1
DA:44,2
DA:46,1
DA:47,1
DA:48,5
DA:49,2
DA:51,1
DA:52,2
DA:57,4
DA:58,4
DA:60,2
DA:61,1
DA:62,1
DA:65,3
DA:67,3
DA:69,1
DA:70,1
DA:72,2
DA:73,2
DA:75,1
DA:79,2
DA:80,1
DA:81,1
DA:82,2
DA:85,1
DA:87,0
DA:90,1
DA:91,2
DA:92,3
DA:95,1
DA:96,1
DA:98,1
DA:99,1
DA:100,1
DA:101,1
DA:102,0
DA:103,1
DA:108,1
DA:109,1
DA:111,3
DA:118,1
DA:119,1
DA:120,1
DA:121,1
DA:122,1
DA:123,1
DA:126,1
DA:127,1
DA:128,1
DA:129,1
DA:130,2
DA:132,1
DA:133,1
DA:134,1
DA:136,1
DA:138,1
DA:145,1
DA:146,1
DA:161,1
DA:163,2
DA:164,1
LF:74
LH:71
end_of_record
SF:lib/widgets/form_fields/rating_bar.dart
DA:5,2
DA:8,2
DA:9,2
DA:10,2
DA:13,2
DA:18,2
DA:19,2
DA:20,2
DA:21,2
DA:24,2
DA:26,2
DA:27,4
DA:28,4
DA:29,4
DA:31,4
DA:33,2
DA:34,1
DA:35,1
DA:36,1
DA:37,1
DA:38,1
DA:39,2
DA:40,1
DA:41,1
DA:42,1
DA:43,2
DA:44,1
LF:27
LH:27
end_of_record
SF:lib/utils/show_dialog.dart
DA:3,0
DA:11,0
DA:13,0
DA:14,0
DA:15,0
DA:16,0
DA:17,0
DA:18,0
DA:20,0
DA:21,0
DA:22,0
DA:24,0
DA:26,0
DA:29,0
DA:30,0
DA:31,0
DA:33,0
DA:35,0
LF:18
LH:0
end_of_record
SF:lib/widgets/location_info_card.dart
DA:13,0
DA:17,0
DA:18,0
DA:20,0
DA:23,0
DA:24,0
DA:26,0
DA:34,0
DA:35,0
DA:36,0
DA:37,0
DA:38,0
DA:40,0
DA:41,0
DA:42,0
DA:43,0
DA:44,0
DA:45,0
DA:46,0
DA:49,0
DA:52,0
DA:57,0
DA:58,0
DA:59,0
DA:64,0
DA:69,0
DA:73,0
DA:74,0
DA:75,0
DA:76,0
DA:78,0
DA:79,0
DA:80,0
DA:81,0
DA:82,0
DA:83,0
DA:85,0
DA:94,0
DA:97,0
DA:100,0
DA:103,0
DA:104,0
DA:106,0
DA:107,0
DA:109,0
DA:111,0
DA:112,0
DA:116,0
DA:120,0
DA:131,0
DA:132,0
DA:136,0
DA:138,0
DA:139,0
DA:140,0
DA:148,0
DA:150,0
DA:152,0
DA:154,0
DA:155,0
DA:156,0
DA:157,0
DA:158,0
DA:162,0
DA:163,0
DA:164,0
DA:168,0
DA:169,0
DA:171,0
DA:172,0
DA:173,0
DA:174,0
DA:175,0
DA:184,0
DA:190,0
DA:197,0
DA:199,0
DA:200,0
DA:201,0
DA:203,0
DA:204,0
DA:205,0
DA:206,0
DA:208,0
DA:210,0
DA:211,0
DA:212,0
DA:213,0
DA:215,0
DA:216,0
DA:217,0
DA:218,0
DA:219,0
DA:225,0
DA:227,0
DA:228,0
DA:229,0
DA:240,0
DA:244,0
DA:245,0
DA:247,0
DA:250,0
DA:255,0
DA:256,0
DA:257,0
DA:258,0
DA:259,0
DA:260,0
DA:261,0
DA:262,0
DA:265,0
DA:267,0
DA:273,0
DA:275,0
DA:281,0
DA:283,0
DA:284,0
DA:285,0
DA:286,0
DA:289,0
DA:291,0
DA:292,0
DA:293,0
DA:294,0
DA:295,0
DA:296,0
DA:303,0
DA:304,0
DA:305,0
DA:306,0
DA:307,0
DA:309,0
DA:310,0
DA:312,0
DA:319,0
DA:320,0
DA:322,0
DA:328,0
DA:332,0
DA:333,0
DA:336,0
DA:337,0
DA:340,0
DA:341,0
DA:342,0
DA:343,0
DA:344,0
DA:345,0
DA:346,0
DA:347,0
DA:348,0
DA:360,0
DA:361,0
DA:363,0
DA:364,0
DA:367,0
DA:368,0
DA:369,0
DA:370,0
DA:372,0
DA:375,0
DA:376,0
DA:377,0
DA:378,0
DA:379,0
DA:381,0
DA:382,0
DA:383,0
DA:384,0
DA:388,0
DA:389,0
DA:390,0
DA:392,0
DA:402,0
DA:404,0
DA:406,0
DA:407,0
DA:409,0
DA:410,0
DA:411,0
DA:412,0
DA:413,0
DA:414,0
DA:419,0
DA:426,0
DA:430,0
DA:434,0
DA:435,0
DA:441,0
DA:442,0
DA:443,0
DA:445,0
DA:446,0
DA:447,0
DA:449,0
DA:450,0
DA:451,0
DA:454,0
DA:455,0
DA:456,0
DA:464,0
DA:467,0
DA:469,0
DA:471,0
DA:472,0
DA:473,0
DA:474,0
DA:475,0
DA:478,0
DA:479,0
LF:210
LH:0
end_of_record
SF:lib/models/create_location_page_store.dart
DA:11,2
DA:12,2
DA:13,2
DA:14,1
DA:15,1
DA:16,1
DA:19,1
DA:20,2
DA:21,1
DA:24,1
DA:25,1
DA:28,1
DA:29,1
DA:32,1
DA:33,1
DA:36,1
DA:37,1
DA:38,1
LF:18
LH:18
end_of_record
